2025-08-19 19:45:02,284 INFO: Application startup [in c:\Users\Administrator\Desktop\Local Vender Inventory & Billing System_Jayant Harkare\Local Vender Inventory & Billing System_Jayant Harkare\Local Vendor Inventory & Billing System\app.py:24]
2025-08-19 19:45:02,290 INFO: Database initialized successfully [in c:\Users\Administrator\Desktop\Local Vender Inventory & Billing System_Jayant Harkare\Local Vender Inventory & Billing System_Jayant Harkare\Local Vendor Inventory & Billing System\app.py:261]
2025-08-19 19:46:20,436 INFO: Invoice viewed: 1 [in c:\Users\Administrator\Desktop\Local Vender Inventory & Billing System_Jayant Harkare\Local Vender Inventory & Billing System_Jayant Harkare\Local Vendor Inventory & Billing System\app.py:210]
2025-08-19 19:46:20,781 ERROR: 404 Error: 404 Not Found: The requested URL was not found on the server. If you entered the URL manually please check your spelling and try again. [in c:\Users\Administrator\Desktop\Local Vender Inventory & Billing System_Jayant Harkare\Local Vender Inventory & Billing System_Jayant Harkare\Local Vendor Inventory & Billing System\app.py:29]
2025-08-19 19:49:40,486 INFO: Application startup [in c:\Users\Administrator\Desktop\Local Vender Inventory & Billing System_Jayant Harkare\Local Vender Inventory & Billing System_Jayant Harkare\Local Vendor Inventory & Billing System\app.py:24]
2025-08-19 19:49:40,491 INFO: Database initialized successfully [in c:\Users\Administrator\Desktop\Local Vender Inventory & Billing System_Jayant Harkare\Local Vender Inventory & Billing System_Jayant Harkare\Local Vendor Inventory & Billing System\app.py:261]
2025-08-19 19:49:41,322 INFO: Application startup [in c:\Users\Administrator\Desktop\Local Vender Inventory & Billing System_Jayant Harkare\Local Vender Inventory & Billing System_Jayant Harkare\Local Vendor Inventory & Billing System\app.py:24]
2025-08-19 19:49:41,327 INFO: Database initialized successfully [in c:\Users\Administrator\Desktop\Local Vender Inventory & Billing System_Jayant Harkare\Local Vender Inventory & Billing System_Jayant Harkare\Local Vendor Inventory & Billing System\app.py:261]
2025-08-19 19:49:59,769 INFO: Dashboard accessed [in c:\Users\Administrator\Desktop\Local Vender Inventory & Billing System_Jayant Harkare\Local Vender Inventory & Billing System_Jayant Harkare\Local Vendor Inventory & Billing System\app.py:46]
2025-08-19 19:50:27,516 INFO: Invoice created: 2 [in c:\Users\Administrator\Desktop\Local Vender Inventory & Billing System_Jayant Harkare\Local Vender Inventory & Billing System_Jayant Harkare\Local Vendor Inventory & Billing System\app.py:174]
2025-08-19 19:50:27,531 INFO: Invoice viewed: 2 [in c:\Users\Administrator\Desktop\Local Vender Inventory & Billing System_Jayant Harkare\Local Vender Inventory & Billing System_Jayant Harkare\Local Vendor Inventory & Billing System\app.py:210]
2025-08-19 19:50:35,677 ERROR: 404 Error: 404 Not Found: The requested URL was not found on the server. If you entered the URL manually please check your spelling and try again. [in c:\Users\Administrator\Desktop\Local Vender Inventory & Billing System_Jayant Harkare\Local Vender Inventory & Billing System_Jayant Harkare\Local Vendor Inventory & Billing System\app.py:29]
2025-08-19 19:51:00,245 INFO: Dashboard accessed [in c:\Users\Administrator\Desktop\Local Vender Inventory & Billing System_Jayant Harkare\Local Vender Inventory & Billing System_Jayant Harkare\Local Vendor Inventory & Billing System\app.py:46]
2025-08-19 19:51:02,116 INFO: Reports page accessed [in c:\Users\Administrator\Desktop\Local Vender Inventory & Billing System_Jayant Harkare\Local Vender Inventory & Billing System_Jayant Harkare\Local Vendor Inventory & Billing System\app.py:233]
2025-08-19 19:51:22,335 INFO: Dashboard accessed [in c:\Users\Administrator\Desktop\Local Vender Inventory & Billing System_Jayant Harkare\Local Vender Inventory & Billing System_Jayant Harkare\Local Vendor Inventory & Billing System\app.py:46]
2025-08-19 19:51:35,665 INFO: Reports page accessed [in c:\Users\Administrator\Desktop\Local Vender Inventory & Billing System_Jayant Harkare\Local Vender Inventory & Billing System_Jayant Harkare\Local Vendor Inventory & Billing System\app.py:233]
2025-08-19 19:51:38,719 INFO: Dashboard accessed [in c:\Users\Administrator\Desktop\Local Vender Inventory & Billing System_Jayant Harkare\Local Vender Inventory & Billing System_Jayant Harkare\Local Vendor Inventory & Billing System\app.py:46]
2025-08-19 19:53:10,236 INFO: Application startup [in c:\Users\Administrator\Desktop\Local Vender Inventory & Billing System_Jayant Harkare\Local Vender Inventory & Billing System_Jayant Harkare\Local Vendor Inventory & Billing System\app.py:24]
2025-08-19 19:53:10,245 INFO: Database initialized successfully [in c:\Users\Administrator\Desktop\Local Vender Inventory & Billing System_Jayant Harkare\Local Vender Inventory & Billing System_Jayant Harkare\Local Vendor Inventory & Billing System\app.py:261]
2025-08-19 19:53:11,366 INFO: Application startup [in c:\Users\Administrator\Desktop\Local Vender Inventory & Billing System_Jayant Harkare\Local Vender Inventory & Billing System_Jayant Harkare\Local Vendor Inventory & Billing System\app.py:24]
2025-08-19 19:53:11,387 INFO: Database initialized successfully [in c:\Users\Administrator\Desktop\Local Vender Inventory & Billing System_Jayant Harkare\Local Vender Inventory & Billing System_Jayant Harkare\Local Vendor Inventory & Billing System\app.py:261]
2025-08-19 19:53:19,499 INFO: Dashboard accessed [in c:\Users\Administrator\Desktop\Local Vender Inventory & Billing System_Jayant Harkare\Local Vender Inventory & Billing System_Jayant Harkare\Local Vendor Inventory & Billing System\app.py:46]
2025-08-19 19:53:19,964 ERROR: 404 Error: 404 Not Found: The requested URL was not found on the server. If you entered the URL manually please check your spelling and try again. [in c:\Users\Administrator\Desktop\Local Vender Inventory & Billing System_Jayant Harkare\Local Vender Inventory & Billing System_Jayant Harkare\Local Vendor Inventory & Billing System\app.py:29]
2025-08-19 19:53:40,177 INFO: Dashboard accessed [in c:\Users\Administrator\Desktop\Local Vender Inventory & Billing System_Jayant Harkare\Local Vender Inventory & Billing System_Jayant Harkare\Local Vendor Inventory & Billing System\app.py:46]
2025-08-19 19:53:55,541 INFO: Invoice created: 3 [in c:\Users\Administrator\Desktop\Local Vender Inventory & Billing System_Jayant Harkare\Local Vender Inventory & Billing System_Jayant Harkare\Local Vendor Inventory & Billing System\app.py:174]
2025-08-19 19:53:55,549 INFO: Invoice viewed: 3 [in c:\Users\Administrator\Desktop\Local Vender Inventory & Billing System_Jayant Harkare\Local Vender Inventory & Billing System_Jayant Harkare\Local Vendor Inventory & Billing System\app.py:210]
2025-08-19 20:01:29,817 INFO: Application startup [in c:\Users\Administrator\Desktop\Local Vender Inventory & Billing System_Jayant Harkare\Local Vender Inventory & Billing System_Jayant Harkare\Local Vendor Inventory & Billing System\app.py:24]
2025-08-19 20:01:29,821 INFO: Database initialized successfully [in c:\Users\Administrator\Desktop\Local Vender Inventory & Billing System_Jayant Harkare\Local Vender Inventory & Billing System_Jayant Harkare\Local Vendor Inventory & Billing System\app.py:268]
2025-08-19 20:01:50,474 INFO: Application startup [in c:\Users\Administrator\Desktop\Local Vender Inventory & Billing System_Jayant Harkare\Local Vender Inventory & Billing System_Jayant Harkare\Local Vendor Inventory & Billing System\app.py:24]
2025-08-19 20:01:50,479 INFO: Database initialized successfully [in c:\Users\Administrator\Desktop\Local Vender Inventory & Billing System_Jayant Harkare\Local Vender Inventory & Billing System_Jayant Harkare\Local Vendor Inventory & Billing System\app.py:268]
2025-08-19 20:01:51,131 INFO: Application startup [in c:\Users\Administrator\Desktop\Local Vender Inventory & Billing System_Jayant Harkare\Local Vender Inventory & Billing System_Jayant Harkare\Local Vendor Inventory & Billing System\app.py:24]
2025-08-19 20:01:51,136 INFO: Database initialized successfully [in c:\Users\Administrator\Desktop\Local Vender Inventory & Billing System_Jayant Harkare\Local Vender Inventory & Billing System_Jayant Harkare\Local Vendor Inventory & Billing System\app.py:268]
2025-08-19 20:01:55,385 INFO: Dashboard accessed [in c:\Users\Administrator\Desktop\Local Vender Inventory & Billing System_Jayant Harkare\Local Vender Inventory & Billing System_Jayant Harkare\Local Vendor Inventory & Billing System\app.py:46]
2025-08-19 20:02:27,265 INFO: Product added: Computers [in c:\Users\Administrator\Desktop\Local Vender Inventory & Billing System_Jayant Harkare\Local Vender Inventory & Billing System_Jayant Harkare\Local Vendor Inventory & Billing System\app.py:85]
2025-08-19 20:02:47,896 INFO: Invoice created: 4 [in c:\Users\Administrator\Desktop\Local Vender Inventory & Billing System_Jayant Harkare\Local Vender Inventory & Billing System_Jayant Harkare\Local Vendor Inventory & Billing System\app.py:174]
2025-08-19 20:02:47,905 INFO: Invoice viewed: 4 [in c:\Users\Administrator\Desktop\Local Vender Inventory & Billing System_Jayant Harkare\Local Vender Inventory & Billing System_Jayant Harkare\Local Vendor Inventory & Billing System\app.py:217]
2025-08-19 20:03:18,412 INFO: Dashboard accessed [in c:\Users\Administrator\Desktop\Local Vender Inventory & Billing System_Jayant Harkare\Local Vender Inventory & Billing System_Jayant Harkare\Local Vendor Inventory & Billing System\app.py:46]
2025-08-19 20:04:10,381 INFO: Application startup [in c:\Users\Administrator\Desktop\Local Vender Inventory & Billing System_Jayant Harkare\Local Vender Inventory & Billing System_Jayant Harkare\Local Vendor Inventory & Billing System\app.py:24]
2025-08-19 20:04:10,393 INFO: Database initialized successfully [in c:\Users\Administrator\Desktop\Local Vender Inventory & Billing System_Jayant Harkare\Local Vender Inventory & Billing System_Jayant Harkare\Local Vendor Inventory & Billing System\app.py:268]
